Using pre-set license
Built from '2021.3/staging' branch; Version is '2021.3.24f1 (cf10dcf7010d) revision 13570268'; Using compiler version '192829333'; Build Type 'Release'
OS: 'Windows 11  (10.0.22621) 64bit Core' Language: 'en' Physical Memory: 7916 MB
BatchMode: 1, IsHumanControllingUs: 0, StartBugReporterOnCrash: 0, Is64bit: 1, IsPro: 1

COMMAND LINE ARGUMENTS:
C:\Program Files\Unity\Hub\Editor\2021.3.24f1\Editor\Unity.exe
-adb2
-batchMode
-noUpm
-name
AssetImportWorker5
-projectPath
C:/Users/pspro/Death, Signed and Sealed
-logFile
Logs/AssetImportWorker5.log
-srvPort
51730
Successfully changed project path to: C:/Users/pspro/Death, Signed and Sealed
C:/Users/pspro/Death, Signed and Sealed
[UnityMemory] Configuration Parameters - Can be set up in boot.config
    "memorysetup-bucket-allocator-granularity=16"
    "memorysetup-bucket-allocator-bucket-count=8"
    "memorysetup-bucket-allocator-block-size=33554432"
    "memorysetup-bucket-allocator-block-count=8"
    "memorysetup-main-allocator-block-size=16777216"
    "memorysetup-thread-allocator-block-size=16777216"
    "memorysetup-gfx-main-allocator-block-size=16777216"
    "memorysetup-gfx-thread-allocator-block-size=16777216"
    "memorysetup-cache-allocator-block-size=4194304"
    "memorysetup-typetree-allocator-block-size=2097152"
    "memorysetup-profiler-bucket-allocator-granularity=16"
    "memorysetup-profiler-bucket-allocator-bucket-count=8"
    "memorysetup-profiler-bucket-allocator-block-size=33554432"
    "memorysetup-profiler-bucket-allocator-block-count=8"
    "memorysetup-profiler-allocator-block-size=16777216"
    "memorysetup-profiler-editor-allocator-block-size=1048576"
    "memorysetup-temp-allocator-size-main=16777216"
    "memorysetup-job-temp-allocator-block-size=2097152"
    "memorysetup-job-temp-allocator-block-size-background=1048576"
    "memorysetup-job-temp-allocator-reduction-small-platforms=262144"
    "memorysetup-temp-allocator-size-background-worker=32768"
    "memorysetup-temp-allocator-size-job-worker=262144"
    "memorysetup-temp-allocator-size-preload-manager=33554432"
    "memorysetup-temp-allocator-size-nav-mesh-worker=65536"
    "memorysetup-temp-allocator-size-audio-worker=65536"
    "memorysetup-temp-allocator-size-cloud-worker=32768"
    "memorysetup-temp-allocator-size-gi-baking-worker=262144"
    "memorysetup-temp-allocator-size-gfx=262144"
Player connection [2824] Host "[IP] 192.168.18.25 [Port] 0 [Flags] 2 [Guid] 967491814 [EditorId] 967491814 [Version] 1048832 [Id] WindowsEditor(7,NameYourDevice) [Debug] 1 [PackageName] WindowsEditor [ProjectName] Editor" joined multi-casting on [225.0.0.222:54997]...

Player connection [2824] Host "[IP] 192.168.18.25 [Port] 0 [Flags] 2 [Guid] 967491814 [EditorId] 967491814 [Version] 1048832 [Id] WindowsEditor(7,NameYourDevice) [Debug] 1 [PackageName] WindowsEditor [ProjectName] Editor" joined alternative multi-casting on [225.0.0.222:34997]...

Refreshing native plugins compatible for Editor in 254.61 ms, found 4 plugins.
Preloading 0 native plugins for Editor in 0.00 ms.
Initialize engine version: 2021.3.24f1 (cf10dcf7010d)
[Subsystems] Discovering subsystems at path C:/Program Files/Unity/Hub/Editor/2021.3.24f1/Editor/Data/Resources/UnitySubsystems
[Subsystems] Discovering subsystems at path C:/Users/pspro/Death, Signed and Sealed/Assets
GfxDevice: creating device client; threaded=0; jobified=0
Direct3D:
    Version:  Direct3D 11.0 [level 11.1]
    Renderer: Intel(R) UHD Graphics (ID=0x4628)
    Vendor:   Intel
    VRAM:     3958 MB
    Driver:   31.0.101.3251
Initialize mono
Mono path[0] = 'C:/Program Files/Unity/Hub/Editor/2021.3.24f1/Editor/Data/Managed'
Mono path[1] = 'C:/Program Files/Unity/Hub/Editor/2021.3.24f1/Editor/Data/MonoBleedingEdge/lib/mono/unityjit-win32'
Mono config path = 'C:/Program Files/Unity/Hub/Editor/2021.3.24f1/Editor/Data/MonoBleedingEdge/etc'
Using monoOptions --debugger-agent=transport=dt_socket,embedding=1,server=y,suspend=n,address=127.0.0.1:56436
Begin MonoManager ReloadAssembly
Registering precompiled unity dll's ...
Register platform support module: C:/Program Files/Unity/Hub/Editor/2021.3.24f1/Editor/Data/PlaybackEngines/WebGLSupport/UnityEditor.WebGL.Extensions.dll
Register platform support module: C:/Program Files/Unity/Hub/Editor/2021.3.24f1/Editor/Data/PlaybackEngines/WindowsStandaloneSupport/UnityEditor.WindowsStandalone.Extensions.dll
Registered in 0.011026 seconds.
Native extension for WindowsStandalone target not found
Native extension for WebGL target not found
Refreshing native plugins compatible for Editor in 194.88 ms, found 4 plugins.
Preloading 0 native plugins for Editor in 0.00 ms.
Mono: successfully reloaded assembly
- Completed reload, in  1.982 seconds
Domain Reload Profiling:
	ReloadAssembly (1982ms)
		BeginReloadAssembly (181ms)
			ExecutionOrderSort (0ms)
			DisableScriptedObjects (0ms)
			BackupInstance (0ms)
			ReleaseScriptingObjects (0ms)
			CreateAndSetChildDomain (1ms)
		EndReloadAssembly (1687ms)
			LoadAssemblies (173ms)
			RebuildTransferFunctionScriptingTraits (0ms)
			SetupTypeCache (422ms)
			ReleaseScriptCaches (0ms)
			RebuildScriptCaches (125ms)
			SetupLoadedEditorAssemblies (913ms)
				LogAssemblyErrors (0ms)
				InitializePlatformSupportModulesInManaged (26ms)
				SetLoadedEditorAssemblies (1ms)
				RefreshPlugins (195ms)
				BeforeProcessingInitializeOnLoad (6ms)
				ProcessInitializeOnLoadAttributes (638ms)
				ProcessInitializeOnLoadMethodAttributes (46ms)
				AfterProcessingInitializeOnLoad (0ms)
				EditorAssembliesLoaded (0ms)
			ExecutionOrderSort2 (0ms)
			AwakeInstancesAfterBackupRestoration (0ms)
Platform modules already initialized, skipping
Registering precompiled user dll's ...
Registered in 0.007374 seconds.
Begin MonoManager ReloadAssembly
Symbol file LoadedFromMemory doesn't match image C:\Users\pspro\Death, Signed and Sealed\Library\PackageCache\com.unity.visualscripting@1.8.0\Editor\VisualScripting.Core\Dependencies\YamlDotNet\Unity.VisualScripting.YamlDotNet.dll
Symbol file LoadedFromMemory doesn't match image C:\Users\pspro\Death, Signed and Sealed\Library\PackageCache\com.unity.visualscripting@1.8.0\Editor\VisualScripting.Core\Dependencies\DotNetZip\Unity.VisualScripting.IonicZip.dll
Native extension for WindowsStandalone target not found
Native extension for WebGL target not found
Refreshing native plugins compatible for Editor in 112.76 ms, found 4 plugins.
Preloading 0 native plugins for Editor in 0.00 ms.
System.Exception: Error! Visual Scripting: couldn't find visual scripting package
  at Unity.VisualScripting.PackageVersionUtility.get_version () [0x00043] in C:\Users\pspro\Death, Signed and Sealed\Library\PackageCache\com.unity.visualscripting@1.8.0\Editor\VisualScripting.Core\Utilities\PackageVersionUtility.cs:31 
  at Unity.VisualScripting.BoltCoreManifest.get_version () [0x00000] in C:\Users\pspro\Death, Signed and Sealed\Library\PackageCache\com.unity.visualscripting@1.8.0\Editor\VisualScripting.Core\Plugin\BoltCoreManifest.cs:11 
  at Unity.VisualScripting.PluginManifest.get_currentVersion () [0x00000] in C:\Users\pspro\Death, Signed and Sealed\Library\PackageCache\com.unity.visualscripting@1.8.0\Editor\VisualScripting.Core\Plugins\PluginManifest.cs:33 
  at Unity.VisualScripting.PluginManifest.get_versionMismatch () [0x00000] in C:\Users\pspro\Death, Signed and Sealed\Library\PackageCache\com.unity.visualscripting@1.8.0\Editor\VisualScripting.Core\Plugins\PluginManifest.cs:48 
  at Unity.VisualScripting.PluginContainer.Initialize () [0x00525] in C:\Users\pspro\Death, Signed and Sealed\Library\PackageCache\com.unity.visualscripting@1.8.0\Editor\VisualScripting.Core\Plugins\PluginContainer.cs:208 
  at Unity.VisualScripting.PluginContainer.InitializeOnLoad () [0x00009] in C:\Users\pspro\Death, Signed and Sealed\Library\PackageCache\com.unity.visualscripting@1.8.0\Editor\VisualScripting.Core\Plugins\PluginContainer.cs:32 
  at Unity.VisualScripting.VSUsageUtility.DoInitializeOnLoadCalls () [0x00034] in C:\Users\pspro\Death, Signed and Sealed\Library\PackageCache\com.unity.visualscripting@1.8.0\Editor\VisualScripting.Core\Utilities\VSUsageUtility.cs:76 
  at Unity.VisualScripting.VSUsageUtility.set_isVisualScriptingUsed (System.Boolean value) [0x0002c] in C:\Users\pspro\Death, Signed and Sealed\Library\PackageCache\com.unity.visualscripting@1.8.0\Editor\VisualScripting.Core\Utilities\VSUsageUtility.cs:114 
  at Unity.VisualScripting.VSUsageUtility.CheckAndSetIsVisualScriptingUsed () [0x00032] in C:\Users\pspro\Death, Signed and Sealed\Library\PackageCache\com.unity.visualscripting@1.8.0\Editor\VisualScripting.Core\Utilities\VSUsageUtility.cs:48 
  at Unity.VisualScripting.VSUsageUtility..cctor () [0x00000] in C:\Users\pspro\Death, Signed and Sealed\Library\PackageCache\com.unity.visualscripting@1.8.0\Editor\VisualScripting.Core\Utilities\VSUsageUtility.cs:22 
UnityEngine.StackTraceUtility:ExtractStackTrace ()
UnityEngine.DebugLogHandler:LogFormat (UnityEngine.LogType,UnityEngine.Object,string,object[])
UnityEngine.Logger:Log (UnityEngine.LogType,object)
UnityEngine.Debug:LogError (object)
UnityEditor.EditorAssemblies:ProcessInitializeOnLoadAttributes (System.Type[])

Mono: successfully reloaded assembly
- Completed reload, in  1.970 seconds
Domain Reload Profiling:
	ReloadAssembly (1972ms)
		BeginReloadAssembly (173ms)
			ExecutionOrderSort (0ms)
			DisableScriptedObjects (11ms)
			BackupInstance (0ms)
			ReleaseScriptingObjects (0ms)
			CreateAndSetChildDomain (32ms)
		EndReloadAssembly (1685ms)
			LoadAssemblies (238ms)
			RebuildTransferFunctionScriptingTraits (0ms)
			SetupTypeCache (289ms)
			ReleaseScriptCaches (0ms)
			RebuildScriptCaches (82ms)
			SetupLoadedEditorAssemblies (1058ms)
				LogAssemblyErrors (0ms)
				InitializePlatformSupportModulesInManaged (5ms)
				SetLoadedEditorAssemblies (0ms)
				RefreshPlugins (113ms)
				BeforeProcessingInitializeOnLoad (108ms)
				ProcessInitializeOnLoadAttributes (781ms)
				ProcessInitializeOnLoadMethodAttributes (37ms)
				AfterProcessingInitializeOnLoad (13ms)
				EditorAssembliesLoaded (0ms)
			ExecutionOrderSort2 (0ms)
			AwakeInstancesAfterBackupRestoration (9ms)
Platform modules already initialized, skipping
========================================================================
Worker process is ready to serve import requests
Launched and connected shader compiler UnityShaderCompiler.exe after 0.10 seconds
Refreshing native plugins compatible for Editor in 0.59 ms, found 4 plugins.
Preloading 0 native plugins for Editor in 0.00 ms.
Unloading 3781 Unused Serialized files (Serialized files now loaded: 0)
Unloading 41 unused Assets / (229.0 KB). Loaded Objects now: 4237.
Memory consumption went from 146.3 MB to 146.1 MB.
Total: 12.704500 ms (FindLiveObjects: 0.234600 ms CreateObjectMapping: 0.100100 ms MarkObjects: 12.182000 ms  DeleteObjects: 0.186000 ms)

AssetImportParameters requested are different than current active one (requested -> active):
  custom:video-decoder-ogg-theora: a1e56fd34408186e4bbccfd4996cb3dc -> 
  custom:container-muxer-webm: aa71ff27fc2769a1b78a27578f13a17b -> 
  custom:container-demuxer-webm: 4f35f7cbe854078d1ac9338744f61a02 -> 
  custom:video-encoder-webm-vp8: eb34c28f22e8b96e1ab97ce403110664 -> 
  custom:video-codec-MediaFoundation-h265: 746d11721c4dcdbdad8f713fa42b33f4 -> 
  custom:audio-encoder-webm-vorbis: bf7c407c2cedff20999df2af8eb42d56 -> 
  custom:framework-win-MediaFoundation: 216162199b28c13a410421893ffa2e32 -> 
  custom:container-demuxer-ogg: 62fdf1f143b41e24485cea50d1cbac27 -> 
  custom:video-decoder-webm-vp8: 9c59270c3fd7afecdb556c50c9e8de78 -> 
  custom:audio-decoder-ogg-vorbis: bf7c407c2cedff20999df2af8eb42d56 -> 
========================================================================
Received Import Request.
  Time since last request: 29796.134229 seconds.
  path: Assets/Assets/UrnFinishers/RedUrnFinish46.png
  artifactKey: Guid(c01fa55cf21cc1241a07c180bf3edff6) Importer(815301076,1909f56bfc062723c751e8b465ee728b)
Start importing Assets/Assets/UrnFinishers/RedUrnFinish46.png using Guid(c01fa55cf21cc1241a07c180bf3edff6) Importer(815301076,1909f56bfc062723c751e8b465ee728b)  -> (artifact id: 'eadfd7348cc8028b5d94bf0952b4164a') in 0.229314 seconds 
========================================================================
Received Import Request.
  Time since last request: 5.195075 seconds.
  path: Assets/Assets/UrnFinishers/RedUrnFinish46.png
  artifactKey: Guid(c01fa55cf21cc1241a07c180bf3edff6) Importer(815301076,1909f56bfc062723c751e8b465ee728b)
Start importing Assets/Assets/UrnFinishers/RedUrnFinish46.png using Guid(c01fa55cf21cc1241a07c180bf3edff6) Importer(815301076,1909f56bfc062723c751e8b465ee728b)  -> (artifact id: '051e65abe465524608da23bb30a35b28') in 0.028450 seconds 
========================================================================
Received Import Request.
  Time since last request: 2.507776 seconds.
  path: Assets/Assets/UrnFinishers/RedUrnFinish40.png
  artifactKey: Guid(b2bbd381768030a4eae80793102eec8b) Importer(815301076,1909f56bfc062723c751e8b465ee728b)
Start importing Assets/Assets/UrnFinishers/RedUrnFinish40.png using Guid(b2bbd381768030a4eae80793102eec8b) Importer(815301076,1909f56bfc062723c751e8b465ee728b)  -> (artifact id: '3c89f5eb6b2c8286b1f2ffde9adf646e') in 0.069631 seconds 
========================================================================
Received Import Request.
  Time since last request: 0.000089 seconds.
  path: Assets/Assets/UrnFinishers/RedUrnFinish37.png
  artifactKey: Guid(5a79b43f2fc528741bb7cb97e9927309) Importer(815301076,1909f56bfc062723c751e8b465ee728b)
Start importing Assets/Assets/UrnFinishers/RedUrnFinish37.png using Guid(5a79b43f2fc528741bb7cb97e9927309) Importer(815301076,1909f56bfc062723c751e8b465ee728b)  -> (artifact id: '7dc2821cc28d9594511b09ee2323f480') in 0.038691 seconds 
========================================================================
Received Import Request.
  Time since last request: 0.172027 seconds.
  path: Assets/Assets/UrnFinishers/RedUrnFinish30.png
  artifactKey: Guid(3ab4af3ce7864404785c338c8bc456c2) Importer(815301076,1909f56bfc062723c751e8b465ee728b)
Start importing Assets/Assets/UrnFinishers/RedUrnFinish30.png using Guid(3ab4af3ce7864404785c338c8bc456c2) Importer(815301076,1909f56bfc062723c751e8b465ee728b)  -> (artifact id: 'bebf177f50ada9ba3a5d71764c4f7b9a') in 0.060754 seconds 
========================================================================
Received Import Request.
  Time since last request: 0.000083 seconds.
  path: Assets/Assets/UrnFinishers/RedUrnFinish33.png
  artifactKey: Guid(5d8e8ec87fb838747bcf203821f588f3) Importer(815301076,1909f56bfc062723c751e8b465ee728b)
Start importing Assets/Assets/UrnFinishers/RedUrnFinish33.png using Guid(5d8e8ec87fb838747bcf203821f588f3) Importer(815301076,1909f56bfc062723c751e8b465ee728b)  -> (artifact id: '219065aa73ed407df22d31bf559020c5') in 0.052014 seconds 
========================================================================
Received Import Request.
  Time since last request: 0.644738 seconds.
  path: Assets/Assets/UrnFinishers/RedUrnFinish26.png
  artifactKey: Guid(7992624c1f865de4ab783bb03a3eebd7) Importer(815301076,1909f56bfc062723c751e8b465ee728b)
Start importing Assets/Assets/UrnFinishers/RedUrnFinish26.png using Guid(7992624c1f865de4ab783bb03a3eebd7) Importer(815301076,1909f56bfc062723c751e8b465ee728b)  -> (artifact id: '286e2fe567d35a2ac7440ef32c7e3809') in 0.077569 seconds 
========================================================================
Received Import Request.
  Time since last request: 0.000728 seconds.
  path: Assets/Assets/UrnFinishers/RedUrnFinish22.png
  artifactKey: Guid(b74b34f2eb1c0594698694a4d80dda8e) Importer(815301076,1909f56bfc062723c751e8b465ee728b)
Start importing Assets/Assets/UrnFinishers/RedUrnFinish22.png using Guid(b74b34f2eb1c0594698694a4d80dda8e) Importer(815301076,1909f56bfc062723c751e8b465ee728b)  -> (artifact id: '8b6154bc5c3f7b8071151811cd999eb8') in 0.062861 seconds 
========================================================================
Received Import Request.
  Time since last request: 0.000130 seconds.
  path: Assets/Assets/UrnFinishers/PurpleUrnFinish9.png
  artifactKey: Guid(03bf0cce804e1f340b762b3c34a084c0) Importer(815301076,1909f56bfc062723c751e8b465ee728b)
Start importing Assets/Assets/UrnFinishers/PurpleUrnFinish9.png using Guid(03bf0cce804e1f340b762b3c34a084c0) Importer(815301076,1909f56bfc062723c751e8b465ee728b)  -> (artifact id: '82d6bc8e4b6ee9c2791bb0caa6a4eaed') in 0.053302 seconds 
========================================================================
Received Import Request.
  Time since last request: 0.000513 seconds.
  path: Assets/Assets/UrnFinishers/PurpleUrnFinish5.png
  artifactKey: Guid(af608be86acc2d8488749eaa97872720) Importer(815301076,1909f56bfc062723c751e8b465ee728b)
Start importing Assets/Assets/UrnFinishers/PurpleUrnFinish5.png using Guid(af608be86acc2d8488749eaa97872720) Importer(815301076,1909f56bfc062723c751e8b465ee728b)  -> (artifact id: '1906b5acd1386c7f3b3b20cd502b5746') in 0.072426 seconds 
========================================================================
Received Import Request.
  Time since last request: 0.000727 seconds.
  path: Assets/Assets/UrnFinishers/BlueUrnFinish7.png
  artifactKey: Guid(8019d5581e082a344a884942692fac9f) Importer(815301076,1909f56bfc062723c751e8b465ee728b)
Start importing Assets/Assets/UrnFinishers/BlueUrnFinish7.png using Guid(8019d5581e082a344a884942692fac9f) Importer(815301076,1909f56bfc062723c751e8b465ee728b)  -> (artifact id: '8edb77c2cc117f75718364887555e520') in 0.039354 seconds 
========================================================================
Received Import Request.
  Time since last request: 0.000057 seconds.
  path: Assets/Assets/UrnFinishers/BlueUrnFinish13.png
  artifactKey: Guid(2d890d5c6b4ffac4c8d5cf651408b586) Importer(815301076,1909f56bfc062723c751e8b465ee728b)
Start importing Assets/Assets/UrnFinishers/BlueUrnFinish13.png using Guid(2d890d5c6b4ffac4c8d5cf651408b586) Importer(815301076,1909f56bfc062723c751e8b465ee728b)  -> (artifact id: 'bddf9143a33417741c5afd6ccbfe3f34') in 0.040505 seconds 
========================================================================
Received Import Request.
  Time since last request: 0.000234 seconds.
  path: Assets/Assets/UrnFinishers/BlueUrnFinish8.png
  artifactKey: Guid(e8313e98f19e55e4d8843d5ddb1946d1) Importer(815301076,1909f56bfc062723c751e8b465ee728b)
Start importing Assets/Assets/UrnFinishers/BlueUrnFinish8.png using Guid(e8313e98f19e55e4d8843d5ddb1946d1) Importer(815301076,1909f56bfc062723c751e8b465ee728b)  -> (artifact id: 'd9caefc54815c5f6952b7ccb390c5a85') in 0.076400 seconds 
========================================================================
Received Import Request.
  Time since last request: 0.000052 seconds.
  path: Assets/Assets/UrnFinishers/BlueUrnFinish1.png
  artifactKey: Guid(ae6009027a388f248b0cca324d181a98) Importer(815301076,1909f56bfc062723c751e8b465ee728b)
Start importing Assets/Assets/UrnFinishers/BlueUrnFinish1.png using Guid(ae6009027a388f248b0cca324d181a98) Importer(815301076,1909f56bfc062723c751e8b465ee728b)  -> (artifact id: 'ec27c8d984d023a9c7203861553e1418') in 0.027707 seconds 
========================================================================
Received Import Request.
  Time since last request: 0.000206 seconds.
  path: Assets/Assets/UrnFinishers/BlueUrnFinish2.png
  artifactKey: Guid(484123da7587bf443adcdbd0b5028f73) Importer(815301076,1909f56bfc062723c751e8b465ee728b)
Start importing Assets/Assets/UrnFinishers/BlueUrnFinish2.png using Guid(484123da7587bf443adcdbd0b5028f73) Importer(815301076,1909f56bfc062723c751e8b465ee728b)  -> (artifact id: 'ad982a100815b0542e5c5dee58474894') in 0.079989 seconds 
Editor requested this worker to shutdown with reason: Scaling down because of idle timeout
AssetImportWorker is now disconnected from the server
Process exiting
Exiting without the bug reporter. Application will terminate with return code 0